0 info it worked if it ends with ok
1 verbose cli [ '/usr/bin/nodejs', '/usr/bin/npm', 'publish' ]
2 info using npm@3.5.2
3 info using node@v4.2.6
4 verbose publish [ '.' ]
5 silly cache add args [ '.', null ]
6 verbose cache add spec .
7 silly cache add parsed spec Result {
7 silly cache add   raw: '.',
7 silly cache add   scope: null,
7 silly cache add   name: null,
7 silly cache add   rawSpec: '.',
7 silly cache add   spec: '/home/jhotadhari/Development/yo-generators/generator-pluginboilerplate',
7 silly cache add   type: 'directory' }
8 verbose addLocalDirectory /home/jhotadhari/.npm/generator-pluginboilerplate/1.0.0/package.tgz not in flight; packing
9 info lifecycle generator-pluginboilerplate@1.0.0~prepublish: generator-pluginboilerplate@1.0.0
10 verbose lifecycle generator-pluginboilerplate@1.0.0~prepublish: unsafe-perm in lifecycle true
11 verbose lifecycle generator-pluginboilerplate@1.0.0~prepublish: PATH: /usr/share/npm/bin/node-gyp-bin:/home/jhotadhari/Development/yo-generators/generator-pluginboilerplate/node_modules/.bin:/home/jhotadhari/bin:/usr/local/sbin:/usr/local/bin:/usr/sbin:/usr/bin:/sbin:/bin:/usr/games:/usr/local/games:/snap/bin:/usr/lib/jvm/java-8-oracle/bin:/usr/lib/jvm/java-8-oracle/db/bin:/usr/lib/jvm/java-8-oracle/jre/bin
12 verbose lifecycle generator-pluginboilerplate@1.0.0~prepublish: CWD: /home/jhotadhari/Development/yo-generators/generator-pluginboilerplate
13 silly lifecycle generator-pluginboilerplate@1.0.0~prepublish: Args: [ '-c', 'gulp prepublish' ]
14 silly lifecycle generator-pluginboilerplate@1.0.0~prepublish: Returned: code: 1  signal: null
15 info lifecycle generator-pluginboilerplate@1.0.0~prepublish: Failed to exec prepublish script
16 error addLocal Could not install /home/jhotadhari/Development/yo-generators/generator-pluginboilerplate
17 verbose stack Error: generator-pluginboilerplate@1.0.0 prepublish: `gulp prepublish`
17 verbose stack Exit status 1
17 verbose stack     at EventEmitter.<anonymous> (/usr/share/npm/lib/utils/lifecycle.js:232:16)
17 verbose stack     at emitTwo (events.js:87:13)
17 verbose stack     at EventEmitter.emit (events.js:172:7)
17 verbose stack     at ChildProcess.<anonymous> (/usr/share/npm/lib/utils/spawn.js:24:14)
17 verbose stack     at emitTwo (events.js:87:13)
17 verbose stack     at ChildProcess.emit (events.js:172:7)
17 verbose stack     at maybeClose (internal/child_process.js:821:16)
17 verbose stack     at Process.ChildProcess._handle.onexit (internal/child_process.js:211:5)
18 verbose pkgid generator-pluginboilerplate@1.0.0
19 verbose cwd /home/jhotadhari/Development/yo-generators/generator-pluginboilerplate
20 error Linux 4.4.0-104-generic
21 error argv "/usr/bin/nodejs" "/usr/bin/npm" "publish"
22 error node v4.2.6
23 error npm  v3.5.2
24 error code ELIFECYCLE
25 error generator-pluginboilerplate@1.0.0 prepublish: `gulp prepublish`
25 error Exit status 1
26 error Failed at the generator-pluginboilerplate@1.0.0 prepublish script 'gulp prepublish'.
26 error Make sure you have the latest version of node.js and npm installed.
26 error If you do, this is most likely a problem with the generator-pluginboilerplate package,
26 error not with npm itself.
26 error Tell the author that this fails on your system:
26 error     gulp prepublish
26 error You can get information on how to open an issue for this project with:
26 error     npm bugs generator-pluginboilerplate
26 error Or if that isn't available, you can get their info via:
26 error     npm owner ls generator-pluginboilerplate
26 error There is likely additional logging output above.
27 verbose exit [ 1, true ]
